<?xml version="1.0" encoding="UTF-8" ?>
<testsuite errors="0" failures="0" hostname="SE-GALBANTO-LT1" name="portal.KMTC" tests="25" time="126.039" timestamp="2013-02-15T22:55:56">
  <properties>
    <property name="java.vendor" value="Oracle Corporation" />
    <property name="sun.java.launcher" value="SUN_STANDARD" />
    <property name="eclipse.pdebuild.templates" value="/C:/eclipse/plugins/org.eclipse.pde.build_3.8.1.v20120725-202643/templates/" />
    <property name="sun.management.compiler" value="HotSpot 64-Bit Tiered Compilers" />
    <property name="lib" value="./lib" />
    <property name="os.name" value="Windows 7" />
    <property name="sun.boot.class.path" value="C:\Program Files\Java\jre7\lib\resources.jar;C:\Program Files\Java\jre7\lib\rt.jar;C:\Program Files\Java\jre7\lib\sunrsasign.jar;C:\Program Files\Java\jre7\lib\jsse.jar;C:\Program Files\Java\jre7\lib\jce.jar;C:\Program Files\Java\jre7\lib\charsets.jar;C:\Program Files\Java\jre7\lib\jfr.jar;C:\Program Files\Java\jre7\classes" />
    <property name="report" value="./report" />
    <property name="sun.desktop" value="windows" />
    <property name="java.vm.specification.vendor" value="Oracle Corporation" />
    <property name="ant.home" value="C:\eclipse\plugins\org.apache.ant_1.8.3.v20120321-1730" />
    <property name="java.runtime.version" value="1.7.0_10-b18" />
    <property name="user.name" value="galbantov" />
    <property name="user.language" value="en" />
    <property name="sun.boot.library.path" value="C:\Program Files\Java\jre7\bin" />
    <property name="ant.project.default-target" value="UI" />
    <property name="ant.project.name" value="Portal-Framework" />
    <property name="java.version" value="1.7.0_10" />
    <property name="user.timezone" value="" />
    <property name="bin" value="./bin" />
    <property name="sun.arch.data.model" value="64" />
    <property name="ant.file.Portal-Framework" value="C:\Users\galbantov\workspace\Portal-Framework\build.xml" />
    <property name="java.endorsed.dirs" value="C:\Program Files\Java\jre7\lib\endorsed" />
    <property name="sun.cpu.isalist" value="amd64" />
    <property name="sun.jnu.encoding" value="Cp1252" />
    <property name="file.encoding.pkg" value="sun.io" />
    <property name="file.separator" value="\" />
    <property name="java.specification.name" value="Java Platform API Specification" />
    <property name="java.class.version" value="51.0" />
    <property name="src" value="./src" />
    <property name="user.country" value="US" />
    <property name="java.home" value="C:\Program Files\Java\jre7" />
    <property name="java.vm.info" value="mixed mode" />
    <property name="ant.file" value="C:\Users\galbantov\workspace\Portal-Framework\build.xml" />
    <property name="os.version" value="6.1" />
    <property name="path.separator" value=";" />
    <property name="java.vm.version" value="23.6-b04" />
    <property name="user.variant" value="" />
    <property name="ant.library.dir" value="C:\eclipse\plugins\org.apache.ant_1.8.3.v20120321-1730\lib" />
    <property name="junit.output.dir" value="junit" />
    <property name="java.awt.printerjob" value="sun.awt.windows.WPrinterJob" />
    <property name="sun.io.unicode.encoding" value="UnicodeLittle" />
    <property name="awt.toolkit" value="sun.awt.windows.WToolkit" />
    <property name="user.script" value="" />
    <property name="eclipse.pdebuild.scripts" value="/C:/eclipse/plugins/org.eclipse.pde.build_3.8.1.v20120725-202643/scripts/" />
    <property name="user.home" value="C:\Users\galbantov" />
    <property name="ant.file.type.Portal-Framework" value="file" />
    <property name="java.specification.vendor" value="Oracle Corporation" />
    <property name="java.library.path" value="C:\Program Files\Java\jre7\bin;C:\Windows\Sun\Java\bin;C:\Windows\system32;C:\Windows;C:\Program Files (x86)\RSA SecurID Token Common;C:\Windows\system32;C:\Windows;C:\Windows\System32\Wbem;C:\Windows\System32\WindowsPowerShell\v1.0\;C:\Program Files\jEdit;C:\Program Files (x86)\Zend\MySQL51\bin;C:\Program Files (x86)\Zend\ZendServer\share\ZendFramework\bin;C:\Program Files (x86)\Zend\ZendServer\bin;C:\Program Files (x86)\Git\cmd;." />
    <property name="java.vendor.url" value="http://java.oracle.com/" />
    <property name="java.vm.vendor" value="Oracle Corporation" />
    <property name="java.runtime.name" value="Java(TM) SE Runtime Environment" />
    <property name="sun.java.command" value="org.apache.tools.ant.taskdefs.optional.junit.JUnitTestRunner portal.KMTC filtertrace=true haltOnError=false haltOnFailure=false formatter=org.apache.tools.ant.taskdefs.optional.junit.OutErrSummaryJUnitResultFormatter showoutput=false outputtoformatters=true logfailedtests=true logtestlistenerevents=false formatter=org.apache.tools.ant.taskdefs.optional.junit.XMLJUnitResultFormatter,C:\Users\galbantov\workspace\Portal-Framework\junit\TEST-portal.KMTC.xml crashfile=C:\Users\galbantov\workspace\Portal-Framework\junitvmwatcher5469642602593361801.properties propsfile=C:\Users\galbantov\workspace\Portal-Framework\junit669922465419542570.properties" />
    <property name="java.class.path" value="C:\Users\galbantov\workspace\Portal-Framework\lib\junit-4.10.jar;C:\Users\galbantov\workspace\Portal-Framework\lib\selenium-server-standalone-2.28.0.jar;C:\Users\galbantov\workspace\Portal-Framework\bin;C:\eclipse\plugins\org.apache.ant_1.8.3.v20120321-1730\lib\ant-launcher.jar;C:\eclipse\plugins\org.apache.ant_1.8.3.v20120321-1730\lib\ant.jar;C:\eclipse\plugins\org.apache.ant_1.8.3.v20120321-1730\lib\ant-junit.jar;C:\eclipse\plugins\org.apache.ant_1.8.3.v20120321-1730\lib\ant-junit4.jar" />
    <property name="ant.version" value="Apache Ant(TM) version 1.8.3 compiled on February 26 2012" />
    <property name="java.vm.specification.name" value="Java Virtual Machine Specification" />
    <property name="java.vm.specification.version" value="1.7" />
    <property name="sun.cpu.endian" value="little" />
    <property name="sun.os.patch.level" value="Service Pack 1" />
    <property name="eclipse.pdebuild.home" value="/C:/eclipse/plugins/org.eclipse.pde.build_3.8.1.v20120725-202643/./" />
    <property name="java.io.tmpdir" value="C:\Users\GALBAN~1\AppData\Local\Temp\" />
    <property name="java.vendor.url.bug" value="http://bugreport.sun.com/bugreport/" />
    <property name="os.arch" value="amd64" />
    <property name="java.awt.graphicsenv" value="sun.awt.Win32GraphicsEnvironment" />
    <property name="java.ext.dirs" value="C:\Program Files\Java\jre7\lib\ext;C:\Windows\Sun\Java\lib\ext" />
    <property name="user.dir" value="C:\Users\galbantov\workspace\Portal-Framework" />
    <property name="line.separator" value="&#xd;&#xa;" />
    <property name="java.vm.name" value="Java HotSpot(TM) 64-Bit Server VM" />
    <property name="basedir" value="C:\Users\galbantov\workspace\Portal-Framework" />
    <property name="ant.java.version" value="1.7" />
    <property name="ant.core.lib" value="C:\eclipse\plugins\org.apache.ant_1.8.3.v20120321-1730\lib\ant.jar" />
    <property name="file.encoding" value="Cp1252" />
    <property name="java.specification.version" value="1.7" />
    <property name="ant.project.invoked-targets" value="UI" />
  </properties>
  <testcase classname="portal.KMTC" name="PORTAL_KMTC_001" time="25.56" />
  <testcase classname="portal.KMTC" name="PORTAL_KMTC_002" time="0.326" />
  <testcase classname="portal.KMTC" name="PORTAL_KMTC_003" time="0.479" />
  <testcase classname="portal.KMTC" name="PORTAL_KMTC_004" time="0.129" />
  <testcase classname="portal.KMTC" name="PORTAL_KMTC_005" time="24.658" />
  <testcase classname="portal.KMTC" name="PORTAL_KMTC_006" time="0.425" />
  <testcase classname="portal.KMTC" name="PORTAL_KMTC_007" time="15.245" />
  <testcase classname="portal.KMTC" name="PORTAL_KMTC_008" time="1.953" />
  <testcase classname="portal.KMTC" name="PORTAL_KMTC_009" time="4.014" />
  <testcase classname="portal.KMTC" name="PORTAL_KMTC_010" time="0.618" />
  <testcase classname="portal.KMTC" name="PORTAL_KMTC_0011" time="1.893" />
  <testcase classname="portal.KMTC" name="PORTAL_KMTC_0012" time="0.599" />
  <testcase classname="portal.KMTC" name="PORTAL_KMTC_0013" time="0.227" />
  <testcase classname="portal.KMTC" name="PORTAL_KMTC_0014" time="0.14" />
  <testcase classname="portal.KMTC" name="PORTAL_KMTC_0015" time="0.29" />
  <testcase classname="portal.KMTC" name="PORTAL_KMTC_0016" time="0.071" />
  <testcase classname="portal.KMTC" name="PORTAL_KMTC_0017" time="0.069" />
  <testcase classname="portal.KMTC" name="PORTAL_KMTC_0018" time="13.896" />
  <testcase classname="portal.KMTC" name="PORTAL_KMTC_0020" time="0.342" />
  <testcase classname="portal.KMTC" name="PORTAL_KMTC_0021" time="0.279" />
  <testcase classname="portal.KMTC" name="PORTAL_KMTC_0022" time="0.262" />
  <testcase classname="portal.KMTC" name="PORTAL_KMTC_0023" time="20.68" />
  <testcase classname="portal.KMTC" name="PORTAL_KMTC_0024" time="0.148" />
  <testcase classname="portal.KMTC" name="PORTAL_KMTC_0025" time="0.321" />
  <testcase classname="portal.KMTC" name="PORTAL_KMTC_0026" time="10.246" />
  <system-out><![CDATA[]]></system-out>
  <system-err><![CDATA[]]></system-err>
</testsuite>
